  % Total    % Received % Xferd  Average Speed   Time    Time     Time  Current
                                 Dload  Upload   Total   Spent    Left  Speed
  0     0    0     0    0     0      0      0 --:--:-- --:--:-- --:--:--     0*   Trying 13.59.59.70:80...
* Connected to ec2-13-59-59-70.us-east-2.compute.amazonaws.com (13.59.59.70) port 80 (#0)
> GET / HTTP/1.1
> Host: ec2-13-59-59-70.us-east-2.compute.amazonaws.com
> User-Agent: curl/7.81.0
> Accept: */*
> Cookie: login=eyJ1c2VybmFtZSI6ImF3ZGVvcmlvIn0.ZSCbaA.lgXCESO9R-HhbHVdRmmXgu5I38I
> 
* Mark bundle as not supporting multiuse
< HTTP/1.1 200 OK
< Server: nginx/1.18.0 (Ubuntu)
< Date: Fri, 06 Oct 2023 23:44:08 GMT
< Content-Type: text/html; charset=utf-8
< Content-Length: 695
< Connection: keep-alive
< Vary: Cookie
< 
{ [695 bytes data]
100   695  100   695    0     0   5612      0 --:--:-- --:--:-- --:--:--  5650
* Connection #0 to host ec2-13-59-59-70.us-east-2.compute.amazonaws.com left intact
